
Oct 21, 2018 16:02:18.43 NEW SESSION
Oct 21, 2018 16:02:18.43 [6820:7476:1021/160218.418:ERROR:in_progress_cache_impl.cc(192)] Cache is not initialized, cannot RetrieveEntry.
Oct 21, 2018 16:02:18.52 [6820:7476:1021/160218.418:ERROR:in_progress_cache_impl.cc(192)] Cache is not initialized, cannot RetrieveEntry.
Oct 21, 2018 16:02:18.54 [6820:7476:1021/160218.418:ERROR:in_progress_cache_impl.cc(192)] Cache is not initialized, cannot RetrieveEntry.
Oct 21, 2018 16:02:18.54 [6820:7476:1021/160218.418:ERROR:in_progress_cache_impl.cc(192)] Cache is not initialized, cannot RetrieveEntry.
Oct 21, 2018 16:02:18.55 [6820:7476:1021/160218.418:ERROR:in_progress_cache_impl.cc(192)] Cache is not initialized, cannot RetrieveEntry.
Oct 21, 2018 16:02:18.65 [6820:7476:1021/160218.418:ERROR:in_progress_cache_impl.cc(192)] Cache is not initialized, cannot RetrieveEntry.
Oct 21, 2018 16:02:18.66 [6820:7476:1021/160218.418:ERROR:in_progress_cache_impl.cc(192)] Cache is not initialized, cannot RetrieveEntry.
Oct 21, 2018 16:02:18.66 [6820:7476:1021/160218.418:ERROR:in_progress_cache_impl.cc(192)] Cache is not initialized, cannot RetrieveEntry.
Oct 21, 2018 16:02:18.66 [6820:7476:1021/160218.418:ERROR:in_progress_cache_impl.cc(192)] Cache is not initialized, cannot RetrieveEntry.
Oct 21, 2018 16:02:19.13 [6820:7476:1021/160218.418:ERROR:in_progress_cache_impl.cc(192)] Cache is not initialized, cannot RetrieveEntry.
Oct 21, 2018 16:02:19.13 [6820:7476:1021/160218.418:ERROR:in_progress_cache_impl.cc(192)] Cache is not initialized, cannot RetrieveEntry.
Oct 21, 2018 16:02:19.13 [6820:7476:1021/160218.418:ERROR:in_progress_cache_impl.cc(192)] Cache is not initialized, cannot RetrieveEntry.
Oct 21, 2018 16:02:19.15 [6820:7476:1021/160218.418:ERROR:in_progress_cache_impl.cc(192)] Cache is not initialized, cannot RetrieveEntry.
Oct 21, 2018 16:02:19.15 [6820:7476:1021/160218.418:ERROR:in_progress_cache_impl.cc(192)] Cache is not initialized, cannot RetrieveEntry.
Oct 21, 2018 16:02:19.16 [6820:7476:1021/160218.418:ERROR:in_progress_cache_impl.cc(192)] Cache is not initialized, cannot RetrieveEntry.
Oct 21, 2018 16:02:19.16 [6820:7476:1021/160218.418:ERROR:in_progress_cache_impl.cc(192)] Cache is not initialized, cannot RetrieveEntry.
Oct 21, 2018 16:02:19.16 [6820:7476:1021/160218.418:ERROR:in_progress_cache_impl.cc(192)] Cache is not initialized, cannot RetrieveEntry.
Oct 21, 2018 16:02:19.16 [6820:7476:1021/160218.418:ERROR:in_progress_cache_impl.cc(192)] Cache is not initialized, cannot RetrieveEntry.
Oct 21, 2018 16:02:19.18 [6820:7476:1021/160218.418:ERROR:in_progress_cache_impl.cc(192)] Cache is not initialized, cannot RetrieveEntry.
Oct 21, 2018 16:02:19.18 [6820:7476:1021/160218.418:ERROR:in_progress_cache_impl.cc(192)] Cache is not initialized, cannot RetrieveEntry.
Oct 21, 2018 16:02:19.18 [6820:7476:1021/160218.418:ERROR:in_progress_cache_impl.cc(192)] Cache is not initialized, cannot RetrieveEntry.
Oct 21, 2018 16:02:19.19 [6820:7476:1021/160218.418:ERROR:in_progress_cache_impl.cc(192)] Cache is not initialized, cannot RetrieveEntry.
Oct 21, 2018 16:02:19.19 [6820:7476:1021/160218.418:ERROR:in_progress_cache_impl.cc(192)] Cache is not initialized, cannot RetrieveEntry.
Oct 21, 2018 16:02:19.19 [6820:7476:1021/160218.418:ERROR:in_progress_cache_impl.cc(192)] Cache is not initialized, cannot RetrieveEntry.
Oct 21, 2018 16:02:19.21 [6820:7476:1021/160218.418:ERROR:in_progress_cache_impl.cc(192)] Cache is not initialized, cannot RetrieveEntry.
Oct 21, 2018 16:02:19.21 [6820:7476:1021/160218.418:ERROR:in_progress_cache_impl.cc(192)] Cache is not initialized, cannot RetrieveEntry.
Oct 21, 2018 16:02:19.21 [6820:7476:1021/160218.418:ERROR:in_progress_cache_impl.cc(192)] Cache is not initialized, cannot RetrieveEntry.
Oct 21, 2018 16:02:19.23 [6820:7476:1021/160218.418:ERROR:in_progress_cache_impl.cc(192)] Cache is not initialized, cannot RetrieveEntry.
Oct 21, 2018 16:02:19.23 [6820:7476:1021/160218.418:ERROR:in_progress_cache_impl.cc(192)] Cache is not initialized, cannot RetrieveEntry.
Oct 21, 2018 16:02:19.23 [6820:7476:1021/160218.418:ERROR:in_progress_cache_impl.cc(192)] Cache is not initialized, cannot RetrieveEntry.
Oct 21, 2018 16:02:19.24 [6820:7476:1021/160218.418:ERROR:in_progress_cache_impl.cc(192)] Cache is not initialized, cannot RetrieveEntry.
Oct 21, 2018 16:02:19.24 [6820:7476:1021/160218.418:ERROR:in_progress_cache_impl.cc(192)] Cache is not initialized, cannot RetrieveEntry.
Oct 21, 2018 16:02:19.24 [6820:7476:1021/160218.418:ERROR:in_progress_cache_impl.cc(192)] Cache is not initialized, cannot RetrieveEntry.
Oct 21, 2018 16:02:19.26 [6820:7476:1021/160218.418:ERROR:in_progress_cache_impl.cc(192)] Cache is not initialized, cannot RetrieveEntry.
Oct 21, 2018 16:02:19.26 [6820:7476:1021/160218.418:ERROR:in_progress_cache_impl.cc(192)] Cache is not initialized, cannot RetrieveEntry.

Oct 22, 2018 08:59:39.50 NEW SESSION
Oct 22, 2018 08:59:39.50 [2712:4728:1022/085939.490:ERROR:ssl_client_socket_impl.cc(1050)] handshake failed; returned -1, SSL error code 1, net_error -101
Oct 22, 2018 09:00:39.77 [2712:4728:1022/090039.775:ERROR:ssl_client_socket_impl.cc(1050)] handshake failed; returned -1, SSL error code 1, net_error -101
Oct 22, 2018 09:00:44.17 [2712:4728:1022/090044.171:ERROR:ssl_client_socket_impl.cc(1050)] handshake failed; returned -1, SSL error code 1, net_error -101
Oct 22, 2018 09:21:55.85 [2712:4728:1022/092155.851:ERROR:socket_stream.cc(210)] Closing stream with result -101
Oct 22, 2018 09:21:55.87 [2712:4728:1022/092155.872:ERROR:connection_factory_impl.cc(396)] Failed to connect to MCS endpoint with error -105
Oct 22, 2018 09:21:59.28 [2712:4728:1022/092159.284:ERROR:connection_factory_impl.cc(396)] Failed to connect to MCS endpoint with error -106
Oct 22, 2018 10:08:37.96 [2712:4728:1022/100837.963:ERROR:connection_factory_impl.cc(396)] Failed to connect to MCS endpoint with error -106
Oct 22, 2018 10:09:06.22 [2712:4728:1022/100906.221:ERROR:connection_factory_impl.cc(396)] Failed to connect to MCS endpoint with error -21
Oct 22, 2018 11:30:53.13 [2712:4728:1022/113053.108:ERROR:ssl_client_socket_impl.cc(1050)] handshake failed; returned -1, SSL error code 1, net_error -101

Nov 11, 2019 15:03:31.97 NEW SESSION
Nov 11, 2019 15:03:31.97 [3396:3588:1111/150331.943:ERROR:data_pack.cc(117)] Could not open pak file for writing: The requested operation cannot be performed on a file with a user-mapped section open. (0x4C8)
Nov 11, 2019 15:03:38.64 [3396:8124:1111/150338.629:ERROR:account_tracker.cc(241)] AccessTokenFetched error: Invalid credentials (credentials rejected by client).
Nov 11, 2019 15:04:02.12 [3396:3424:1111/150402.125:ERROR:connection_factory_impl.cc(417)] Failed to connect to MCS endpoint with error -106
Nov 11, 2019 15:04:27.59 [3396:3424:1111/150427.599:ERROR:connection_factory_impl.cc(417)] Failed to connect to MCS endpoint with error -106
Nov 11, 2019 15:05:16.99 [3396:3424:1111/150516.991:ERROR:connection_factory_impl.cc(417)] Failed to connect to MCS endpoint with error -106
Nov 11, 2019 15:06:47.88 [3396:3424:1111/150647.882:ERROR:connection_factory_impl.cc(417)] Failed to connect to MCS endpoint with error -106
Nov 11, 2019 15:09:35.76 [3396:3424:1111/150935.765:ERROR:connection_factory_impl.cc(417)] Failed to connect to MCS endpoint with error -106
Nov 11, 2019 15:15:31.33 [3396:3424:1111/151531.332:ERROR:connection_factory_impl.cc(417)] Failed to connect to MCS endpoint with error -105
